#
# There is insufficient memory for the Java Runtime Environment to continue.
# Native memory allocation (mmap) failed to map 2097152 bytes for G1 virtual space
# Possible reasons:
#   The system is out of physical RAM or swap space
#   The process is running with CompressedOops enabled, and the Java Heap may be blocking the growth of the native heap
# Possible solutions:
#   Reduce memory load on the system
#   Increase physical memory or swap space
#   Check if swap backing store is full
#   Decrease Java heap size (-Xmx/-Xms)
#   Decrease number of Java threads
#   Decrease Java thread stack sizes (-Xss)
#   Set larger code cache with -XX:ReservedCodeCacheSize=
#   JVM is running with Unscaled Compressed Oops mode in which the Java heap is
#     placed in the first 4GB address space. The Java Heap base address is the
#     maximum limit for the native heap growth. Please use -XX:HeapBaseMinAddress
#     to set the Java Heap base and to place the Java Heap above 4GB virtual address.
# This output file may be truncated or incomplete.
#
#  Out of Memory Error (./open/src/hotspot/os/windows/os_windows.cpp:3472), pid=4856, tid=11696
#
# JRE version:  (15.0.1+9) (build )
# Java VM: Java HotSpot(TM) 64-Bit Server VM (15.0.1+9-18, mixed mode, sharing, tiered, compressed oops, g1 gc, windows-amd64)
# No core dump will be written. Minidumps are not enabled by default on client versions of Windows
#

---------------  S U M M A R Y ------------

Command Line: -Dfile.encoding=Cp1252 -XX:+ShowCodeDetailsInExceptionMessages NewTest

Host: Intel(R) Core(TM) i5-6300U CPU @ 2.40GHz, 4 cores, 7G,  Windows 10 , 64 bit Build 19041 (10.0.19041.1202)
Time: Sat Oct  2 15:36:44 2021 Eastern Daylight Time elapsed time: 0.026381 seconds (0d 0h 0m 0s)

---------------  T H R E A D  ---------------

Current thread (0x000002ee7526fd70):  JavaThread "Unknown thread" [_thread_in_vm, id=11696, stack(0x000000fd44c00000,0x000000fd44d00000)]

Stack: [0x000000fd44c00000,0x000000fd44d00000]
Native frames: (J=compiled Java code, j=interpreted, Vv=VM code, C=native code)
V  [jvm.dll+0x62ae9a]
V  [jvm.dll+0x781389]
V  [jvm.dll+0x782ae3]
V  [jvm.dll+0x783143]
V  [jvm.dll+0x216265]
V  [jvm.dll+0x6281d9]
V  [jvm.dll+0x61cd15]
V  [jvm.dll+0x2d01fd]
V  [jvm.dll+0x2d0062]
V  [jvm.dll+0x2d603c]
V  [jvm.dll+0x325b3d]
V  [jvm.dll+0x3251f4]
V  [jvm.dll+0x2a717a]
V  [jvm.dll+0x2a8318]
V  [jvm.dll+0x75e101]
V  [jvm.dll+0x3343e4]
V  [jvm.dll+0x73e826]
V  [jvm.dll+0x3b7777]
V  [jvm.dll+0x3b9201]
C  [jli.dll+0x52fb]
C  [ucrtbase.dll+0x21bb2]
C  [KERNEL32.DLL+0x17034]
C  [ntdll.dll+0x52651]


---------------  P R O C E S S  ---------------

Threads class SMR info:
_java_thread_list=0x00007ffdb0b34ff0, length=0, elements={
}

Java Threads: ( => current thread )

Other Threads:
  0x000002ee752aef20 GCTaskThread "GC Thread#0" [stack: 0x000000fd44d00000,0x000000fd44e00000] [id=7536]
  0x000002ee752c1630 ConcurrentGCThread "G1 Main Marker" [stack: 0x000000fd44e00000,0x000000fd44f00000] [id=13472]
  0x000002ee752c3140 ConcurrentGCThread "G1 Conc#0" [stack: 0x000000fd44f00000,0x000000fd45000000] [id=13260]

[error occurred during error reporting (printing all threads), id 0xc0000005, EXCEPTION_ACCESS_VIOLATION (0xc0000005) at pc=0x00007ffdb0328047]

VM state: not at safepoint (not fully initialized)

VM Mutex/Monitor currently owned by a thread:  ([mutex/lock_event])
[0x000002ee7526bf70] Heap_lock - owner thread: 0x000002ee7526fd70

Heap address: 0x0000000081400000, size: 2028 MB, Compressed Oops mode: 32-bit
CDS archive(s) mapped at: [0x0000000000000000-0x0000000000000000-0x0000000000000000), size 0, SharedBaseAddress: 0x0000000800000000, ArchiveRelocationMode: 0.
Narrow klass base: 0x0000000000000000, Narrow klass shift: 0, Narrow klass range: 0x0

Heap:
 garbage-first heap   total 131072K, used 0K [0x0000000081400000, 0x0000000100000000)
  region size 1024K, 0 young (0K), 0 survivors (0K)
 Metaspace       used 0K, capacity 0K, committed 0K, reserved 0K
  class space    used 0K, capacity 0K, committed 0K, reserved 0K

Heap Regions: E=young(eden), S=young(survivor), O=old, HS=humongous(starts), HC=humongous(continues), CS=collection set, F=free, OA=open archive, CA=closed archive, TAMS=top-at-mark-start (previous, next)

Card table byte_map: [0x000002ee7f6c0000,0x000002ee7fac0000] _byte_map_base: 0x000002ee7f2b6000

Marking Bits (Prev, Next): (CMBitMap*) 0x000002ee752b06b0, (CMBitMap*) 0x000002ee752b06f0
 Prev Bits: [0x000002ee0f000000, 0x000002ee10fb0000)
 Next Bits: [0x000002ee10fb0000, 0x000002ee12f60000)

GC Heap History (0 events):
No events

Deoptimization events (0 events):
No events

Classes unloaded (0 events):
No events

Classes redefined (0 events):
No events

Internal exceptions (0 events):
No events

Events (1 events):
Event: 0.016 Loaded shared library C:\Program Files\Java\jdk-15.0.1\bin\java.dll


Dynamic libraries:
0x00007ff78dd80000 - 0x00007ff78dd8f000 	C:\Program Files\Java\jdk-15.0.1\bin\javaw.exe
0x00007ffdf88f0000 - 0x00007ffdf8ae5000 	C:\WINDOWS\SYSTEM32\ntdll.dll
0x00007ffdf7360000 - 0x00007ffdf741e000 	C:\WINDOWS\System32\KERNEL32.DLL
0x00007ffdf6350000 - 0x00007ffdf6619000 	C:\WINDOWS\System32\KERNELBASE.dll
0x00007ffdf61c0000 - 0x00007ffdf62c0000 	C:\WINDOWS\System32\ucrtbase.dll
0x00007ffde6130000 - 0x00007ffde6148000 	C:\Program Files\Java\jdk-15.0.1\bin\jli.dll
0x00007ffdf7f40000 - 0x00007ffdf7fec000 	C:\WINDOWS\System32\ADVAPI32.dll
0x00007ffdf83e0000 - 0x00007ffdf847e000 	C:\WINDOWS\System32\msvcrt.dll
0x00007ffdf8010000 - 0x00007ffdf80ab000 	C:\WINDOWS\System32\sechost.dll
0x00007ffdf86a0000 - 0x00007ffdf87ca000 	C:\WINDOWS\System32\RPCRT4.dll
0x00007ffdf74c0000 - 0x00007ffdf7661000 	C:\WINDOWS\System32\USER32.dll
0x00007ffdf6700000 - 0x00007ffdf6722000 	C:\WINDOWS\System32\win32u.dll
0x00007ffdf8660000 - 0x00007ffdf868b000 	C:\WINDOWS\System32\GDI32.dll
0x00007ffdf60b0000 - 0x00007ffdf61bb000 	C:\WINDOWS\System32\gdi32full.dll
0x00007ffdf6010000 - 0x00007ffdf60ad000 	C:\WINDOWS\System32\msvcp_win.dll
0x00007ffde4e00000 - 0x00007ffde4e19000 	C:\Program Files\Java\jdk-15.0.1\bin\VCRUNTIME140.dll
0x00007ffddccb0000 - 0x00007ffddcf4a000 	C:\WINDOWS\WinSxS\amd64_microsoft.windows.common-controls_6595b64144ccf1df_6.0.19041.1110_none_60b5254171f9507e\COMCTL32.dll
0x00007ffde2420000 - 0x00007ffde242a000 	C:\WINDOWS\SYSTEM32\VERSION.dll
0x00007ffdf7f10000 - 0x00007ffdf7f40000 	C:\WINDOWS\System32\IMM32.DLL
0x00007ffde5e90000 - 0x00007ffde5e9c000 	C:\Program Files\Java\jdk-15.0.1\bin\vcruntime140_1.dll
0x00007ffdc7740000 - 0x00007ffdc77d1000 	C:\Program Files\Java\jdk-15.0.1\bin\msvcp140.dll
0x00007ffdb0070000 - 0x00007ffdb0bce000 	C:\Program Files\Java\jdk-15.0.1\bin\server\jvm.dll
0x00007ffdf74b0000 - 0x00007ffdf74b8000 	C:\WINDOWS\System32\PSAPI.DLL
0x00007ffde2040000 - 0x00007ffde2049000 	C:\WINDOWS\SYSTEM32\WSOCK32.dll
0x00007ffdf81e0000 - 0x00007ffdf824b000 	C:\WINDOWS\System32\WS2_32.dll
0x00007ffde33a0000 - 0x00007ffde33c7000 	C:\WINDOWS\SYSTEM32\WINMM.dll
0x00007ffdf4b40000 - 0x00007ffdf4b52000 	C:\WINDOWS\SYSTEM32\kernel.appcore.dll
0x00007ffdd8730000 - 0x00007ffdd873a000 	C:\Program Files\Java\jdk-15.0.1\bin\jimage.dll
0x00007ffdf4610000 - 0x00007ffdf47f4000 	C:\WINDOWS\SYSTEM32\DBGHELP.DLL
0x00007ffde6870000 - 0x00007ffde689c000 	C:\WINDOWS\SYSTEM32\dbgcore.DLL
0x00007ffdf62c0000 - 0x00007ffdf6343000 	C:\WINDOWS\System32\bcryptPrimitives.dll
0x00007ffdc7710000 - 0x00007ffdc7735000 	C:\Program Files\Java\jdk-15.0.1\bin\java.dll

dbghelp: loaded successfully - version: 4.0.5 - missing functions: none
symbol engine: initialized successfully - sym options: 0x614 - pdb path: .;C:\Program Files\Java\jdk-15.0.1\bin;C:\WINDOWS\SYSTEM32;C:\WINDOWS\WinSxS\amd64_microsoft.windows.common-controls_6595b64144ccf1df_6.0.19041.1110_none_60b5254171f9507e;C:\Program Files\Java\jdk-15.0.1\bin\server

VM Arguments:
jvm_args: -Dfile.encoding=Cp1252 -XX:+ShowCodeDetailsInExceptionMessages 
java_command: NewTest
java_class_path (initial): C:\Users\thakk\Desktop\uOttawa\SEG-2105\LAB2\SEG2105-Assignment1-master\pointcp\bin
Launcher Type: SUN_STANDARD

[Global flags]
     intx CICompilerCount                          = 3                                         {product} {ergonomic}
     uint ConcGCThreads                            = 1                                         {product} {ergonomic}
     uint G1ConcRefinementThreads                  = 4                                         {product} {ergonomic}
   size_t G1HeapRegionSize                         = 1048576                                   {product} {ergonomic}
    uintx GCDrainStackTargetSize                   = 64                                        {product} {ergonomic}
   size_t InitialHeapSize                          = 134217728                                 {product} {ergonomic}
   size_t MarkStackSize                            = 4194304                                   {product} {ergonomic}
   size_t MaxHeapSize                              = 2126512128                                {product} {ergonomic}
   size_t MinHeapDeltaBytes                        = 1048576                                   {product} {ergonomic}
   size_t MinHeapSize                              = 8388608                                   {product} {ergonomic}
    uintx NonNMethodCodeHeapSize                   = 5832780                                {pd product} {ergonomic}
    uintx NonProfiledCodeHeapSize                  = 122912730                              {pd product} {ergonomic}
    uintx ProfiledCodeHeapSize                     = 122912730                              {pd product} {ergonomic}
    uintx ReservedCodeCacheSize                    = 251658240                              {pd product} {ergonomic}
     bool SegmentedCodeCache                       = true                                      {product} {ergonomic}
     bool ShowCodeDetailsInExceptionMessages       = true                                   {manageable} {command line}
   size_t SoftMaxHeapSize                          = 2126512128                             {manageable} {ergonomic}
     bool UseCompressedClassPointers               = true                                 {lp64_product} {ergonomic}
     bool UseCompressedOops                        = true                                 {lp64_product} {ergonomic}
     bool UseG1GC                                  = true                                      {product} {ergonomic}
     bool UseLargePagesIndividualAllocation        = false                                  {pd product} {ergonomic}

Logging:
Log output configuration:
 #0: stdout all=warning uptime,level,tags
 #1: stderr all=off uptime,level,tags

Environment Variables:
PATH=C:\Program Files\Common Files\Oracle\Java\javapath;C:\WINDOWS\system32;C:\Users\thakk\anaconda3\Lib\site-packages\parso\python;C:\WINDOWS\System32\Wbem;C:\WINDOWS\System32\WindowsPowerShell\v1.0\;C:\WINDOWS\System32\OpenSSH\;C:\WINDOWS;C:\Program Files\Java\jdk-15.0.1\bin;C:\Program Files\Java\jdk1.8.0_20\bin;C:\Program Files\Git\cmd;C:\Program Files\nodejs\;C:\Program Files\Java\jdk-15.0.1\bin;C:\Users\thakk\AppData\Roaming\npm
USERNAME=thakk
OS=Windows_NT
PROCESSOR_IDENTIFIER=Intel64 Family 6 Model 78 Stepping 3, GenuineIntel



---------------  S Y S T E M  ---------------

OS:
 Windows 10 , 64 bit Build 19041 (10.0.19041.1202)
OS uptime: 0 days 6:30 hours

CPU: total 4 (initial active 4) (2 cores per cpu, 2 threads per core) family 6 model 78 stepping 3 microcode 0xea, cmov, cx8, fxsr, mmx, sse, sse2, sse3, ssse3, sse4.1, sse4.2, popcnt, vzeroupper, avx, avx2, aes, clmul, erms, rtm, 3dnowpref, lzcnt, ht, tsc, tscinvbit, bmi1, bmi2, adx, fma, clflush, clflushopt

Memory: 4k page, system-wide physical 8109M (1986M free)
TotalPageFile size 8109M (AvailPageFile size 6M)
current process WorkingSet (physical memory assigned to process): 10M, peak: 10M
current process commit charge ("private bytes"): 180M, peak: 182M

vm_info: Java HotSpot(TM) 64-Bit Server VM (15.0.1+9-18) for windows-amd64 JRE (15.0.1+9-18), built on Sep 15 2020 14:43:54 by "mach5one" with unknown MS VC++:1925

END.
